<?xml version="1.0" encoding="UTF-8"?>
<!-- Generated by org.testng.reporters.JUnitReportReporter -->
<testsuite skipped="0" hostname="Dinesh-Arul" name="org.example.AppTest" tests="2" failures="0" timestamp="2023-03-10T11:06:04 IST" time="3.435" errors="0">
  <testcase name="reqresSimpliLearnGet" time="2.711" classname="org.example.AppTest"/>
  <system-out/>
  <testcase name="reqresSimpliLearnPost" time="0.724" classname="org.example.AppTest"/>
  <system-out/>
</testsuite> <!-- org.example.AppTest -->
